<<<<<<< HEAD
This is pdfTeX, Version 3.14159265-2.6-1.40.20 (TeX Live 2019) (preloaded format=pdflatex 2019.5.8)  11 DEC 2021 18:47
=======
This is pdfTeX, Version 3.141592653-2.6-1.40.23 (TeX Live 2022/dev) (preloaded format=pdflatex 2021.9.27)  11 DEC 2021 18:36
>>>>>>> 1d3e975232e105ef9bd7f77ae2174028e84829e3
entering extended mode
 restricted \write18 enabled.
 %&-line parsing enabled.
**main.tex
(./main.tex
LaTeX2e <2021-06-01> patch level 1
L3 programming layer <2021-08-27> (/Users/apple/Library/TinyTeX/texmf-dist/tex/
latex/base/article.cls
Document Class: article 2021/10/04 v1.4n Standard LaTeX document class
(/Users/apple/Library/TinyTeX/texmf-dist/tex/latex/base/size11.clo
File: size11.clo 2021/10/04 v1.4n Standard LaTeX file (size option)
)
\c@part=\count182
\c@section=\count183
\c@subsection=\count184
\c@subsubsection=\count185
\c@paragraph=\count186
\c@subparagraph=\count187
\c@figure=\count188
\c@table=\count189
\abovecaptionskip=\skip47
\belowcaptionskip=\skip48
\bibindent=\dimen138
) (/Users/apple/Library/TinyTeX/texmf-dist/tex/latex/amsmath/amsmath.sty
Package: amsmath 2021/10/15 v2.17l AMS math features
\@mathmargin=\skip49
For additional information on amsmath, use the `?' option.
(/Users/apple/Library/TinyTeX/texmf-dist/tex/latex/amsmath/amstext.sty
Package: amstext 2021/08/26 v2.01 AMS text
(/Users/apple/Library/TinyTeX/texmf-dist/tex/latex/amsmath/amsgen.sty
File: amsgen.sty 1999/11/30 v2.0 generic functions
\@emptytoks=\toks16
\ex@=\dimen139
)) (/Users/apple/Library/TinyTeX/texmf-dist/tex/latex/amsmath/amsbsy.sty
Package: amsbsy 1999/11/29 v1.2d Bold Symbols
\pmbraise@=\dimen140
) (/Users/apple/Library/TinyTeX/texmf-dist/tex/latex/amsmath/amsopn.sty
Package: amsopn 2021/08/26 v2.02 operator names
)
\inf@bad=\count190
LaTeX Info: Redefining \frac on input line 234.
\uproot@=\count191
\leftroot@=\count192
LaTeX Info: Redefining \overline on input line 399.
\classnum@=\count193
\DOTSCASE@=\count194
LaTeX Info: Redefining \ldots on input line 496.
LaTeX Info: Redefining \dots on input line 499.
LaTeX Info: Redefining \cdots on input line 620.
\Mathstrutbox@=\box50
\strutbox@=\box51
\big@size=\dimen141
LaTeX Font Info:    Redeclaring font encoding OML on input line 743.
LaTeX Font Info:    Redeclaring font encoding OMS on input line 744.
\macc@depth=\count195
\c@MaxMatrixCols=\count196
\dotsspace@=\muskip16
\c@parentequation=\count197
\dspbrk@lvl=\count198
\tag@help=\toks17
\row@=\count199
\column@=\count266
\maxfields@=\count267
\andhelp@=\toks18
\eqnshift@=\dimen142
\alignsep@=\dimen143
\tagshift@=\dimen144
\tagwidth@=\dimen145
\totwidth@=\dimen146
\lineht@=\dimen147
\@envbody=\toks19
\multlinegap=\skip50
\multlinetaggap=\skip51
\mathdisplay@stack=\toks20
LaTeX Info: Redefining \[ on input line 2938.
LaTeX Info: Redefining \] on input line 2939.
) (/Users/apple/Library/TinyTeX/texmf-dist/tex/latex/amsfonts/amssymb.sty
Package: amssymb 2013/01/14 v3.01 AMS font symbols
(/Users/apple/Library/TinyTeX/texmf-dist/tex/latex/amsfonts/amsfonts.sty
Package: amsfonts 2013/01/14 v3.01 Basic AMSFonts support
\symAMSa=\mathgroup4
\symAMSb=\mathgroup5
LaTeX Font Info:    Redeclaring math symbol \hbar on input line 98.
LaTeX Font Info:    Overwriting math alphabet `\mathfrak' in version `bold'
(Font)                  U/euf/m/n --> U/euf/b/n on input line 106.
)) (/Users/apple/Library/TinyTeX/texmf-dist/tex/latex/lm/lmodern.sty
Package: lmodern 2015/05/01 v1.6.1 Latin Modern Fonts
LaTeX Font Info:    Overwriting symbol font `operators' in version `normal'
(Font)                  OT1/cmr/m/n --> OT1/lmr/m/n on input line 22.
LaTeX Font Info:    Overwriting symbol font `letters' in version `normal'
(Font)                  OML/cmm/m/it --> OML/lmm/m/it on input line 23.
LaTeX Font Info:    Overwriting symbol font `symbols' in version `normal'
(Font)                  OMS/cmsy/m/n --> OMS/lmsy/m/n on input line 24.
LaTeX Font Info:    Overwriting symbol font `largesymbols' in version `normal'
(Font)                  OMX/cmex/m/n --> OMX/lmex/m/n on input line 25.
LaTeX Font Info:    Overwriting symbol font `operators' in version `bold'
(Font)                  OT1/cmr/bx/n --> OT1/lmr/bx/n on input line 26.
LaTeX Font Info:    Overwriting symbol font `letters' in version `bold'
(Font)                  OML/cmm/b/it --> OML/lmm/b/it on input line 27.
LaTeX Font Info:    Overwriting symbol font `symbols' in version `bold'
(Font)                  OMS/cmsy/b/n --> OMS/lmsy/b/n on input line 28.
LaTeX Font Info:    Overwriting symbol font `largesymbols' in version `bold'
(Font)                  OMX/cmex/m/n --> OMX/lmex/m/n on input line 29.
LaTeX Font Info:    Overwriting math alphabet `\mathbf' in version `normal'
(Font)                  OT1/cmr/bx/n --> OT1/lmr/bx/n on input line 31.
LaTeX Font Info:    Overwriting math alphabet `\mathsf' in version `normal'
(Font)                  OT1/cmss/m/n --> OT1/lmss/m/n on input line 32.
LaTeX Font Info:    Overwriting math alphabet `\mathit' in version `normal'
(Font)                  OT1/cmr/m/it --> OT1/lmr/m/it on input line 33.
LaTeX Font Info:    Overwriting math alphabet `\mathtt' in version `normal'
(Font)                  OT1/cmtt/m/n --> OT1/lmtt/m/n on input line 34.
LaTeX Font Info:    Overwriting math alphabet `\mathbf' in version `bold'
(Font)                  OT1/cmr/bx/n --> OT1/lmr/bx/n on input line 35.
LaTeX Font Info:    Overwriting math alphabet `\mathsf' in version `bold'
(Font)                  OT1/cmss/bx/n --> OT1/lmss/bx/n on input line 36.
LaTeX Font Info:    Overwriting math alphabet `\mathit' in version `bold'
(Font)                  OT1/cmr/bx/it --> OT1/lmr/bx/it on input line 37.
LaTeX Font Info:    Overwriting math alphabet `\mathtt' in version `bold'
(Font)                  OT1/cmtt/m/n --> OT1/lmtt/m/n on input line 38.
) (/Users/apple/Library/TinyTeX/texmf-dist/tex/generic/iftex/ifxetex.sty
Package: ifxetex 2019/10/25 v0.7 ifxetex legacy package. Use iftex instead.
(/Users/apple/Library/TinyTeX/texmf-dist/tex/generic/iftex/iftex.sty
Package: iftex 2020/03/06 v1.0d TeX engine tests
)) (/Users/apple/Library/TinyTeX/texmf-dist/tex/generic/iftex/ifluatex.sty
Package: ifluatex 2019/10/25 v1.5 ifluatex legacy package. Use iftex instead.
) (/Users/apple/Library/TinyTeX/texmf-dist/tex/latex/base/fontenc.sty
Package: fontenc 2021/04/29 v2.0v Standard LaTeX package
LaTeX Font Info:    Trying to load font information for T1+lmr on input line 11
2.
(/Users/apple/Library/TinyTeX/texmf-dist/tex/latex/lm/t1lmr.fd
File: t1lmr.fd 2015/05/01 v1.6.1 Font defs for Latin Modern
)) (/Users/apple/Library/TinyTeX/texmf-dist/tex/latex/base/inputenc.sty
Package: inputenc 2021/02/14 v1.3d Input encoding file
\inpenc@prehook=\toks21
\inpenc@posthook=\toks22
) (/Users/apple/Library/TinyTeX/texmf-dist/tex/latex/base/textcomp.sty
Package: textcomp 2020/02/02 v2.0n Standard LaTeX package
) (/Users/apple/Library/TinyTeX/texmf-dist/tex/latex/xcolor/xcolor.sty
Package: xcolor 2021/10/31 v2.13 LaTeX color extensions (UK)
(/Users/apple/Library/TinyTeX/texmf-dist/tex/latex/graphics-cfg/color.cfg
File: color.cfg 2016/01/02 v1.6 sample color configuration
)
Package xcolor Info: Driver file: pdftex.def on input line 227.
(/Users/apple/Library/TinyTeX/texmf-dist/tex/latex/graphics-def/pdftex.def
File: pdftex.def 2020/10/05 v1.2a Graphics/color driver for pdftex
)
Package xcolor Info: Model `cmy' substituted by `cmy0' on input line 1352.
Package xcolor Info: Model `hsb' substituted by `rgb' on input line 1356.
Package xcolor Info: Model `RGB' extended on input line 1368.
Package xcolor Info: Model `HTML' substituted by `rgb' on input line 1370.
Package xcolor Info: Model `Hsb' substituted by `hsb' on input line 1371.
Package xcolor Info: Model `tHsb' substituted by `hsb' on input line 1372.
Package xcolor Info: Model `HSB' substituted by `hsb' on input line 1373.
Package xcolor Info: Model `Gray' substituted by `gray' on input line 1374.
Package xcolor Info: Model `wave' substituted by `hsb' on input line 1375.
) (/Users/apple/Library/TinyTeX/texmf-dist/tex/latex/hyperref/hyperref.sty
Package: hyperref 2021-06-07 v7.00m Hypertext links for LaTeX
(/Users/apple/Library/TinyTeX/texmf-dist/tex/generic/ltxcmds/ltxcmds.sty
Package: ltxcmds 2020-05-10 v1.25 LaTeX kernel commands for general use (HO)
) (/Users/apple/Library/TinyTeX/texmf-dist/tex/generic/pdftexcmds/pdftexcmds.st
y
Package: pdftexcmds 2020-06-27 v0.33 Utility functions of pdfTeX for LuaTeX (HO
)
(/Users/apple/Library/TinyTeX/texmf-dist/tex/generic/infwarerr/infwarerr.sty
Package: infwarerr 2019/12/03 v1.5 Providing info/warning/error messages (HO)
)
Package pdftexcmds Info: \pdf@primitive is available.
Package pdftexcmds Info: \pdf@ifprimitive is available.
Package pdftexcmds Info: \pdfdraftmode found.
) (/Users/apple/Library/TinyTeX/texmf-dist/tex/latex/graphics/keyval.sty
Package: keyval 2014/10/28 v1.15 key=value parser (DPC)
\KV@toks@=\toks23
) (/Users/apple/Library/TinyTeX/texmf-dist/tex/generic/kvsetkeys/kvsetkeys.sty
Package: kvsetkeys 2019/12/15 v1.18 Key value parser (HO)
)
(/Users/apple/Library/TinyTeX/texmf-dist/tex/generic/kvdefinekeys/kvdefinekeys.
sty
Package: kvdefinekeys 2019-12-19 v1.6 Define keys (HO)
) (/Users/apple/Library/TinyTeX/texmf-dist/tex/generic/pdfescape/pdfescape.sty
Package: pdfescape 2019/12/09 v1.15 Implements pdfTeX's escape features (HO)
) (/Users/apple/Library/TinyTeX/texmf-dist/tex/latex/hycolor/hycolor.sty
Package: hycolor 2020-01-27 v1.10 Color options for hyperref/bookmark (HO)
) (/Users/apple/Library/TinyTeX/texmf-dist/tex/latex/letltxmacro/letltxmacro.st
y
Package: letltxmacro 2019/12/03 v1.6 Let assignment for LaTeX macros (HO)
) (/Users/apple/Library/TinyTeX/texmf-dist/tex/latex/auxhook/auxhook.sty
Package: auxhook 2019-12-17 v1.6 Hooks for auxiliary files (HO)
) (/Users/apple/Library/TinyTeX/texmf-dist/tex/latex/kvoptions/kvoptions.sty
Package: kvoptions 2020-10-07 v3.14 Key value format for package options (HO)
)
\@linkdim=\dimen148
\Hy@linkcounter=\count268
\Hy@pagecounter=\count269
(/Users/apple/Library/TinyTeX/texmf-dist/tex/latex/hyperref/pd1enc.def
File: pd1enc.def 2021-06-07 v7.00m Hyperref: PDFDocEncoding definition (HO)
Now handling font encoding PD1 ...
... no UTF-8 mapping file for font encoding PD1
)
(/Users/apple/Library/TinyTeX/texmf-dist/tex/latex/hyperref/hyperref-langpatche
s.def
File: hyperref-langpatches.def 2021-06-07 v7.00m Hyperref: patches for babel la
nguages
) (/Users/apple/Library/TinyTeX/texmf-dist/tex/generic/intcalc/intcalc.sty
Package: intcalc 2019/12/15 v1.3 Expandable calculations with integers (HO)
) (/Users/apple/Library/TinyTeX/texmf-dist/tex/generic/etexcmds/etexcmds.sty
Package: etexcmds 2019/12/15 v1.7 Avoid name clashes with e-TeX commands (HO)
)
\Hy@SavedSpaceFactor=\count270
(/Users/apple/Library/TinyTeX/texmf-dist/tex/latex/hyperref/puenc.def
File: puenc.def 2021-06-07 v7.00m Hyperref: PDF Unicode definition (HO)
Now handling font encoding PU ...
... no UTF-8 mapping file for font encoding PU
)
Package hyperref Info: Option `unicode' set `true' on input line 4073.
Package hyperref Info: Hyper figures OFF on input line 4192.
Package hyperref Info: Link nesting OFF on input line 4197.
Package hyperref Info: Hyper index ON on input line 4200.
Package hyperref Info: Plain pages OFF on input line 4207.
Package hyperref Info: Backreferencing OFF on input line 4212.
Package hyperref Info: Implicit mode ON; LaTeX internals redefined.
Package hyperref Info: Bookmarks ON on input line 4445.
\c@Hy@tempcnt=\count271
(/Users/apple/Library/TinyTeX/texmf-dist/tex/latex/url/url.sty
\Urlmuskip=\muskip17
Package: url 2013/09/16  ver 3.4  Verb mode for urls, etc.
)
LaTeX Info: Redefining \url on input line 4804.
\XeTeXLinkMargin=\dimen149
(/Users/apple/Library/TinyTeX/texmf-dist/tex/generic/bitset/bitset.sty
Package: bitset 2019/12/09 v1.3 Handle bit-vector datatype (HO)
(/Users/apple/Library/TinyTeX/texmf-dist/tex/generic/bigintcalc/bigintcalc.sty
Package: bigintcalc 2019/12/15 v1.5 Expandable calculations on big integers (HO
)
))
\Fld@menulength=\count272
\Field@Width=\dimen150
\Fld@charsize=\dimen151
Package hyperref Info: Hyper figures OFF on input line 6076.
Package hyperref Info: Link nesting OFF on input line 6081.
Package hyperref Info: Hyper index ON on input line 6084.
Package hyperref Info: backreferencing OFF on input line 6091.
Package hyperref Info: Link coloring OFF on input line 6096.
Package hyperref Info: Link coloring with OCG OFF on input line 6101.
Package hyperref Info: PDF/A mode OFF on input line 6106.
LaTeX Info: Redefining \ref on input line 6146.
LaTeX Info: Redefining \pageref on input line 6150.
(/Users/apple/Library/TinyTeX/texmf-dist/tex/latex/base/atbegshi-ltx.sty
Package: atbegshi-ltx 2021/01/10 v1.0c Emulation of the original atbegshi
package with kernel methods
)
\Hy@abspage=\count273
\c@Item=\count274
\c@Hfootnote=\count275
)
Package hyperref Info: Driver (autodetected): hpdftex.
(/Users/apple/Library/TinyTeX/texmf-dist/tex/latex/hyperref/hpdftex.def
File: hpdftex.def 2021-06-07 v7.00m Hyperref driver for pdfTeX
(/Users/apple/Library/TinyTeX/texmf-dist/tex/latex/base/atveryend-ltx.sty
Package: atveryend-ltx 2020/08/19 v1.0a Emulation of the original atveryend pac
kage
with kernel methods
)
\Fld@listcount=\count276
\c@bookmark@seq@number=\count277

(/Users/apple/Library/TinyTeX/texmf-dist/tex/latex/rerunfilecheck/rerunfilechec
k.sty
Package: rerunfilecheck 2019/12/05 v1.9 Rerun checks for auxiliary files (HO)

(/Users/apple/Library/TinyTeX/texmf-dist/tex/generic/uniquecounter/uniquecounte
r.sty
Package: uniquecounter 2019/12/15 v1.4 Provide unlimited unique counter (HO)
)
Package uniquecounter Info: New unique counter `rerunfilecheck' on input line 2
86.
)
\Hy@SectionHShift=\skip52
) (/Users/apple/Library/TinyTeX/texmf-dist/tex/latex/geometry/geometry.sty
Package: geometry 2020/01/02 v5.9 Page Geometry
(/Users/apple/Library/TinyTeX/texmf-dist/tex/generic/iftex/ifvtex.sty
Package: ifvtex 2019/10/25 v1.7 ifvtex legacy package. Use iftex instead.
)
\Gm@cnth=\count278
\Gm@cntv=\count279
\c@Gm@tempcnt=\count280
\Gm@bindingoffset=\dimen152
\Gm@wd@mp=\dimen153
\Gm@odd@mp=\dimen154
\Gm@even@mp=\dimen155
\Gm@layoutwidth=\dimen156
\Gm@layoutheight=\dimen157
\Gm@layouthoffset=\dimen158
\Gm@layoutvoffset=\dimen159
\Gm@dimlist=\toks24
) (/Users/apple/Library/TinyTeX/texmf-dist/tex/latex/fancyvrb/fancyvrb.sty
Package: fancyvrb 2021/10/15 v3.9 verbatim text (tvz,hv)
\FV@CodeLineNo=\count281
\FV@InFile=\read2
\FV@TabBox=\box52
\c@FancyVerbLine=\count282
\FV@StepNumber=\count283
\FV@OutFile=\write3
) (/Users/apple/Library/TinyTeX/texmf-dist/tex/latex/framed/framed.sty
Package: framed 2011/10/22 v 0.96: framed or shaded text with page breaks
\OuterFrameSep=\skip53
\fb@frw=\dimen160
\fb@frh=\dimen161
\FrameRule=\dimen162
\FrameSep=\dimen163
) (/Users/apple/Library/TinyTeX/texmf-dist/tex/latex/tools/longtable.sty
Package: longtable 2021-09-01 v4.17 Multi-page Table package (DPC)
\LTleft=\skip54
\LTright=\skip55
\LTpre=\skip56
\LTpost=\skip57
\LTchunksize=\count284
\LTcapwidth=\dimen164
\LT@head=\box53
\LT@firsthead=\box54
\LT@foot=\box55
\LT@lastfoot=\box56
\LT@gbox=\box57
\LT@cols=\count285
\LT@rows=\count286
\c@LT@tables=\count287
\c@LT@chunks=\count288
\LT@p@ftn=\toks25
) (/Users/apple/Library/TinyTeX/texmf-dist/tex/latex/booktabs/booktabs.sty
Package: booktabs 2020/01/12 v1.61803398 Publication quality tables
\heavyrulewidth=\dimen165
\lightrulewidth=\dimen166
\cmidrulewidth=\dimen167
\belowrulesep=\dimen168
\belowbottomsep=\dimen169
\aboverulesep=\dimen170
\abovetopsep=\dimen171
\cmidrulesep=\dimen172
\cmidrulekern=\dimen173
\defaultaddspace=\dimen174
\@cmidla=\count289
\@cmidlb=\count290
\@aboverulesep=\dimen175
\@belowrulesep=\dimen176
\@thisruleclass=\count291
\@lastruleclass=\count292
\@thisrulewidth=\dimen177
) (/Users/apple/Library/TinyTeX/texmf-dist/tex/latex/tools/array.sty
Package: array 2021/10/04 v2.5f Tabular extension package (FMi)
\col@sep=\dimen178
\ar@mcellbox=\box58
\extrarowheight=\dimen179
\NC@list=\toks26
\extratabsurround=\skip58
\backup@length=\skip59
\ar@cellbox=\box59
) (/Users/apple/Library/TinyTeX/texmf-dist/tex/latex/tools/calc.sty
Package: calc 2017/05/25 v4.3 Infix arithmetic (KKT,FJ)
\calc@Acount=\count293
\calc@Bcount=\count294
\calc@Adimen=\dimen180
\calc@Bdimen=\dimen181
\calc@Askip=\skip60
\calc@Bskip=\skip61
LaTeX Info: Redefining \setlength on input line 80.
LaTeX Info: Redefining \addtolength on input line 81.
\calc@Ccount=\count295
\calc@Cskip=\skip62
) (/Users/apple/Library/TinyTeX/texmf-dist/tex/latex/etoolbox/etoolbox.sty
Package: etoolbox 2020/10/05 v2.5k e-TeX tools for LaTeX (JAW)
\etb@tempcnta=\count296
) (/Users/apple/Library/TinyTeX/texmf-dist/tex/latex/mdwtools/footnote.sty
Package: footnote 1997/01/28 1.13 Save footnotes around boxes
\fn@notes=\box60
\fn@width=\dimen182
) (/Users/apple/Library/TinyTeX/texmf-dist/tex/latex/graphics/graphicx.sty
Package: graphicx 2021/09/16 v1.2d Enhanced LaTeX Graphics (DPC,SPQR)
(/Users/apple/Library/TinyTeX/texmf-dist/tex/latex/graphics/graphics.sty
Package: graphics 2021/03/04 v1.4d Standard LaTeX Graphics (DPC,SPQR)
(/Users/apple/Library/TinyTeX/texmf-dist/tex/latex/graphics/trig.sty
Package: trig 2021/08/11 v1.11 sin cos tan (DPC)
) (/Users/apple/Library/TinyTeX/texmf-dist/tex/latex/graphics-cfg/graphics.cfg
File: graphics.cfg 2016/06/04 v1.11 sample graphics configuration
)
Package graphics Info: Driver file: pdftex.def on input line 107.
)
\Gin@req@height=\dimen183
\Gin@req@width=\dimen184
)
(/Users/apple/Library/TinyTeX/texmf-dist/tex/latex/l3backend/l3backend-pdftex.d
ef
File: l3backend-pdftex.def 2021-10-18 L3 backend support: PDF output (pdfTeX)
\l__color_backend_stack_int=\count297
\l__pdf_internal_box=\box61
) (./main.aux

LaTeX Warning: Label `fig:figs' multiply defined.


LaTeX Warning: Label `fig:figs' multiply defined.


LaTeX Warning: Label `fig:figs' multiply defined.


LaTeX Warning: Label `fig:figs' multiply defined.


LaTeX Warning: Label `fig:figs' multiply defined.


LaTeX Warning: Label `fig:figs' multiply defined.


LaTeX Warning: Label `fig:figs' multiply defined.


LaTeX Warning: Label `fig:figs' multiply defined.


LaTeX Warning: Label `fig:figs' multiply defined.


LaTeX Warning: Label `fig:figs' multiply defined.


LaTeX Warning: Label `fig:figs' multiply defined.


LaTeX Warning: Label `fig:figs' multiply defined.


LaTeX Warning: Label `fig:figs' multiply defined.


LaTeX Warning: Label `fig:figs' multiply defined.


LaTeX Warning: Label `fig:figs' multiply defined.


LaTeX Warning: Label `fig:figs' multiply defined.

)
\openout1 = `main.aux'.

LaTeX Font Info:    Checking defaults for OML/cmm/m/it on input line 120.
LaTeX Font Info:    ... okay on input line 120.
LaTeX Font Info:    Checking defaults for OMS/cmsy/m/n on input line 120.
LaTeX Font Info:    ... okay on input line 120.
LaTeX Font Info:    Checking defaults for OT1/cmr/m/n on input line 120.
LaTeX Font Info:    ... okay on input line 120.
LaTeX Font Info:    Checking defaults for T1/cmr/m/n on input line 120.
LaTeX Font Info:    ... okay on input line 120.
LaTeX Font Info:    Checking defaults for TS1/cmr/m/n on input line 120.
LaTeX Font Info:    ... okay on input line 120.
LaTeX Font Info:    Checking defaults for OMX/cmex/m/n on input line 120.
LaTeX Font Info:    ... okay on input line 120.
LaTeX Font Info:    Checking defaults for U/cmr/m/n on input line 120.
LaTeX Font Info:    ... okay on input line 120.
LaTeX Font Info:    Checking defaults for PD1/pdf/m/n on input line 120.
LaTeX Font Info:    ... okay on input line 120.
LaTeX Font Info:    Checking defaults for PU/pdf/m/n on input line 120.
LaTeX Font Info:    ... okay on input line 120.

(/Users/apple/Library/TinyTeX/texmf-dist/tex/latex/epstopdf-pkg/epstopdf-base.s
ty
Package: epstopdf-base 2020-01-24 v2.11 Base part for package epstopdf
Package epstopdf-base Info: Redefining graphics rule for `.eps' on input line 4
85.

(/Users/apple/Library/TinyTeX/texmf-dist/tex/latex/latexconfig/epstopdf-sys.cfg
File: epstopdf-sys.cfg 2010/07/13 v1.3 Configuration of (r)epstopdf for TeX Liv
e
))
Package hyperref Info: Link coloring OFF on input line 120.
(/Users/apple/Library/TinyTeX/texmf-dist/tex/latex/hyperref/nameref.sty
Package: nameref 2021-04-02 v2.47 Cross-referencing by name of section
(/Users/apple/Library/TinyTeX/texmf-dist/tex/latex/refcount/refcount.sty
Package: refcount 2019/12/15 v3.6 Data extraction from label references (HO)
)
(/Users/apple/Library/TinyTeX/texmf-dist/tex/generic/gettitlestring/gettitlestr
ing.sty
Package: gettitlestring 2019/12/15 v1.6 Cleanup title references (HO)
)
\c@section@level=\count298
)
LaTeX Info: Redefining \ref on input line 120.
LaTeX Info: Redefining \pageref on input line 120.
LaTeX Info: Redefining \nameref on input line 120.
(./main.out) (./main.out)
\@outlinefile=\write4
\openout4 = `main.out'.

*geometry* driver: auto-detecting
*geometry* detected driver: pdftex
*geometry* verbose mode - [ preamble ] result:
* driver: pdftex
* paper: <default>
* layout: <same size as paper>
* layoutoffset:(h,v)=(0.0pt,0.0pt)
* modes: 
* h-part:(L,W,R)=(72.26999pt, 469.75502pt, 72.26999pt)
* v-part:(T,H,B)=(72.26999pt, 650.43001pt, 72.26999pt)
* \paperwidth=614.295pt
* \paperheight=794.96999pt
* \textwidth=469.75502pt
* \textheight=650.43001pt
* \oddsidemargin=0.0pt
* \evensidemargin=0.0pt
* \topmargin=-37.0pt
* \headheight=12.0pt
* \headsep=25.0pt
* \topskip=11.0pt
* \footskip=30.0pt
* \marginparwidth=59.0pt
* \marginparsep=10.0pt
* \columnsep=10.0pt
* \skip\footins=10.0pt plus 4.0pt minus 2.0pt
* \hoffset=0.0pt
* \voffset=0.0pt
* \mag=1000
* \@twocolumnfalse
* \@twosidefalse
* \@mparswitchfalse
* \@reversemarginfalse
* (1in=72.27pt=25.4mm, 1cm=28.453pt)

LaTeX Font Info:    Trying to load font information for OT1+lmr on input line 1
22.
(/Users/apple/Library/TinyTeX/texmf-dist/tex/latex/lm/ot1lmr.fd
File: ot1lmr.fd 2015/05/01 v1.6.1 Font defs for Latin Modern
)
LaTeX Font Info:    Trying to load font information for OML+lmm on input line 1
22.
(/Users/apple/Library/TinyTeX/texmf-dist/tex/latex/lm/omllmm.fd
File: omllmm.fd 2015/05/01 v1.6.1 Font defs for Latin Modern
)
LaTeX Font Info:    Trying to load font information for OMS+lmsy on input line 
122.
(/Users/apple/Library/TinyTeX/texmf-dist/tex/latex/lm/omslmsy.fd
File: omslmsy.fd 2015/05/01 v1.6.1 Font defs for Latin Modern
)
LaTeX Font Info:    Trying to load font information for OMX+lmex on input line 
122.
(/Users/apple/Library/TinyTeX/texmf-dist/tex/latex/lm/omxlmex.fd
File: omxlmex.fd 2015/05/01 v1.6.1 Font defs for Latin Modern
)
LaTeX Font Info:    External font `lmex10' loaded for size
(Font)              <12> on input line 122.
LaTeX Font Info:    External font `lmex10' loaded for size
(Font)              <8> on input line 122.
LaTeX Font Info:    External font `lmex10' loaded for size
(Font)              <6> on input line 122.
LaTeX Font Info:    Trying to load font information for U+msa on input line 122
.
(/Users/apple/Library/TinyTeX/texmf-dist/tex/latex/amsfonts/umsa.fd
File: umsa.fd 2013/01/14 v3.01 AMS symbols A
)
LaTeX Font Info:    Trying to load font information for U+msb on input line 122
.
(/Users/apple/Library/TinyTeX/texmf-dist/tex/latex/amsfonts/umsb.fd
File: umsb.fd 2013/01/14 v3.01 AMS symbols B
)
LaTeX Font Info:    Trying to load font information for T1+lmtt on input line 1
24.
(/Users/apple/Library/TinyTeX/texmf-dist/tex/latex/lm/t1lmtt.fd
File: t1lmtt.fd 2015/05/01 v1.6.1 Font defs for Latin Modern
) [1

<<<<<<< HEAD
{/usr/local/texlive/2019/texmf-var/fonts/map/pdftex/updmap/pdftex.map}]
LaTeX Font Info:    Try loading font information for TS1+lmtt on input line 205
.
(/usr/local/texlive/2019/texmf-dist/tex/latex/lm/ts1lmtt.fd
File: ts1lmtt.fd 2009/10/30 v1.6 Font defs for Latin Modern
)
<main_files/figure-latex/unnamed-chunk-1-1.pdf, id=18, 1405.25pt x 804.00375pt>

File: main_files/figure-latex/unnamed-chunk-1-1.pdf Graphic file (type pdf)
<use main_files/figure-latex/unnamed-chunk-1-1.pdf>
Package pdftex.def Info: main_files/figure-latex/unnamed-chunk-1-1.pdf  used on
 input line 218.
(pdftex.def)             Requested size: 422.77902pt x 241.89pt.
<main_files/figure-latex/unnamed-chunk-2-1.pdf, id=19, 568.1225pt x 337.26pt>
File: main_files/figure-latex/unnamed-chunk-2-1.pdf Graphic file (type pdf)
<use main_files/figure-latex/unnamed-chunk-2-1.pdf>
Package pdftex.def Info: main_files/figure-latex/unnamed-chunk-2-1.pdf  used on
 input line 234.
(pdftex.def)             Requested size: 422.79665pt x 250.98883pt.
<main_files/figure-latex/unnamed-chunk-3-1.pdf, id=20, 492.84125pt x 276.03125p
t>
File: main_files/figure-latex/unnamed-chunk-3-1.pdf Graphic file (type pdf)
<use main_files/figure-latex/unnamed-chunk-3-1.pdf>
Package pdftex.def Info: main_files/figure-latex/unnamed-chunk-3-1.pdf  used on
 input line 244.
(pdftex.def)             Requested size: 422.79741pt x 236.801pt.
<main_files/figure-latex/unnamed-chunk-4-1.pdf, id=21, 527.9725pt x 297.11pt>
File: main_files/figure-latex/unnamed-chunk-4-1.pdf Graphic file (type pdf)
<use main_files/figure-latex/unnamed-chunk-4-1.pdf>
Package pdftex.def Info: main_files/figure-latex/unnamed-chunk-4-1.pdf  used on
 input line 254.
(pdftex.def)             Requested size: 422.77332pt x 237.91046pt.
=======
{/Users/apple/Library/TinyTeX/texmf-var/fonts/map/pdftex/updmap/pdftex.map}]
LaTeX Font Info:    Trying to load font information for TS1+lmtt on input line 
203.
(/Users/apple/Library/TinyTeX/texmf-dist/tex/latex/lm/ts1lmtt.fd
File: ts1lmtt.fd 2015/05/01 v1.6.1 Font defs for Latin Modern
)
<main_files/figure-latex/unnamed-chunk-1-1.pdf, id=105, 1445.4pt x 867.24pt>
File: main_files/figure-latex/unnamed-chunk-1-1.pdf Graphic file (type pdf)
<use main_files/figure-latex/unnamed-chunk-1-1.pdf>
Package pdftex.def Info: main_files/figure-latex/unnamed-chunk-1-1.pdf  used on
 input line 216.
(pdftex.def)             Requested size: 422.7723pt x 253.66338pt.
<main_files/figure-latex/unnamed-chunk-2-1.pdf, id=106, 578.16pt x 346.29375pt>

File: main_files/figure-latex/unnamed-chunk-2-1.pdf Graphic file (type pdf)
<use main_files/figure-latex/unnamed-chunk-2-1.pdf>
Package pdftex.def Info: main_files/figure-latex/unnamed-chunk-2-1.pdf  used on
 input line 232.
(pdftex.def)             Requested size: 422.77669pt x 253.22562pt.
<main_files/figure-latex/unnamed-chunk-3-1.pdf, id=107, 578.16pt x 346.29375pt>

File: main_files/figure-latex/unnamed-chunk-3-1.pdf Graphic file (type pdf)
<use main_files/figure-latex/unnamed-chunk-3-1.pdf>
Package pdftex.def Info: main_files/figure-latex/unnamed-chunk-3-1.pdf  used on
 input line 242.
(pdftex.def)             Requested size: 422.77669pt x 253.22562pt.
<main_files/figure-latex/unnamed-chunk-4-1.pdf, id=108, 578.16pt x 346.29375pt>

File: main_files/figure-latex/unnamed-chunk-4-1.pdf Graphic file (type pdf)
<use main_files/figure-latex/unnamed-chunk-4-1.pdf>
Package pdftex.def Info: main_files/figure-latex/unnamed-chunk-4-1.pdf  used on
 input line 252.
(pdftex.def)             Requested size: 422.77669pt x 253.22562pt.
>>>>>>> 1d3e975232e105ef9bd7f77ae2174028e84829e3
[2] [3 <./main_files/figure-latex/unnamed-chunk-1-1.pdf> <./main_files/figure-l
atex/unnamed-chunk-2-1.pdf>]
<main_files/figure-latex/unnamed-chunk-5-1.pdf, id=131, 578.16pt x 346.29375pt>

File: main_files/figure-latex/unnamed-chunk-5-1.pdf Graphic file (type pdf)
<use main_files/figure-latex/unnamed-chunk-5-1.pdf>
Package pdftex.def Info: main_files/figure-latex/unnamed-chunk-5-1.pdf  used on
<<<<<<< HEAD
 input line 265.
(pdftex.def)             Requested size: 307.16548pt x 341.29498pt.
=======
 input line 263.
(pdftex.def)             Requested size: 422.77669pt x 253.22562pt.
>>>>>>> 1d3e975232e105ef9bd7f77ae2174028e84829e3
[4 <./main_files/figure-latex/unnamed-chunk-3-1.pdf> <./main_files/figure-latex
/unnamed-chunk-4-1.pdf>] [5 <./main_files/figure-latex/unnamed-chunk-5-1.pdf>]
<main_files/figure-latex/unnamed-chunk-8-1.pdf, id=159, 578.16pt x 346.29375pt>

File: main_files/figure-latex/unnamed-chunk-8-1.pdf Graphic file (type pdf)
<use main_files/figure-latex/unnamed-chunk-8-1.pdf>
Package pdftex.def Info: main_files/figure-latex/unnamed-chunk-8-1.pdf  used on
<<<<<<< HEAD
 input line 326.
(pdftex.def)             Requested size: 422.79012pt x 224.28975pt.
[6] [7 <./main_files/figure-latex/unnamed-chunk-8-1.pdf>] [8] [9] [10] [11] [12
=======
 input line 324.
(pdftex.def)             Requested size: 422.77669pt x 253.22562pt.
[6 <./main_files/figure-latex/unnamed-chunk-8-1.pdf>] [7] [8] [9] [10] [11] [12
>>>>>>> 1d3e975232e105ef9bd7f77ae2174028e84829e3
]
<main_files/figure-latex/unnamed-chunk-15-1.pdf, id=201, 578.16pt x 346.29375pt
>
File: main_files/figure-latex/unnamed-chunk-15-1.pdf Graphic file (type pdf)
<use main_files/figure-latex/unnamed-chunk-15-1.pdf>
Package pdftex.def Info: main_files/figure-latex/unnamed-chunk-15-1.pdf  used o
<<<<<<< HEAD
n input line 714.
(pdftex.def)             Requested size: 422.78752pt x 213.32605pt.
=======
n input line 712.
(pdftex.def)             Requested size: 422.77669pt x 253.22562pt.
>>>>>>> 1d3e975232e105ef9bd7f77ae2174028e84829e3
LaTeX Font Info:    External font `lmex10' loaded for size
(Font)              <10.95> on input line 718.
[13] [14 <./main_files/figure-latex/unnamed-chunk-15-1.pdf>]
<main_files/figure-latex/unnamed-chunk-17-1.pdf, id=224, 578.16pt x 346.29375pt
>
File: main_files/figure-latex/unnamed-chunk-17-1.pdf Graphic file (type pdf)
<use main_files/figure-latex/unnamed-chunk-17-1.pdf>
Package pdftex.def Info: main_files/figure-latex/unnamed-chunk-17-1.pdf  used o
<<<<<<< HEAD
n input line 783.
(pdftex.def)             Requested size: 422.78845pt x 227.88596pt.
<main_files/figure-latex/unnamed-chunk-18-1.pdf, id=160, 545.03625pt x 273.02pt
=======
n input line 781.
(pdftex.def)             Requested size: 422.77669pt x 253.22562pt.
<main_files/figure-latex/unnamed-chunk-18-1.pdf, id=225, 578.16pt x 346.29375pt
>>>>>>> 1d3e975232e105ef9bd7f77ae2174028e84829e3
>
File: main_files/figure-latex/unnamed-chunk-18-1.pdf Graphic file (type pdf)
<use main_files/figure-latex/unnamed-chunk-18-1.pdf>
Package pdftex.def Info: main_files/figure-latex/unnamed-chunk-18-1.pdf  used o
<<<<<<< HEAD
n input line 793.
(pdftex.def)             Requested size: 422.77298pt x 211.77577pt.
[15 <./main_files/figure-latex/unnamed-chunk-17-1.pdf>] [16 <./main_files/figur
e-latex/unnamed-chunk-18-1.pdf>]
<main_files/figure-latex/unnamed-chunk-20-1.pdf, id=188, 566.115pt x 305.14pt>
File: main_files/figure-latex/unnamed-chunk-20-1.pdf Graphic file (type pdf)
<use main_files/figure-latex/unnamed-chunk-20-1.pdf>
Package pdftex.def Info: main_files/figure-latex/unnamed-chunk-20-1.pdf  used o
n input line 859.
(pdftex.def)             Requested size: 422.78845pt x 227.88596pt.
=======
n input line 790.
(pdftex.def)             Requested size: 422.77669pt x 253.22562pt.
[15 <./main_files/figure-latex/unnamed-chunk-18-1.pdf>] [16 <./main_files/figur
e-latex/unnamed-chunk-17-1.pdf>]
<main_files/figure-latex/unnamed-chunk-19-1.pdf, id=247, 578.16pt x 346.29375pt
>
File: main_files/figure-latex/unnamed-chunk-19-1.pdf Graphic file (type pdf)
<use main_files/figure-latex/unnamed-chunk-19-1.pdf>
Package pdftex.def Info: main_files/figure-latex/unnamed-chunk-19-1.pdf  used o
n input line 854.
(pdftex.def)             Requested size: 422.77669pt x 253.22562pt.
>>>>>>> 1d3e975232e105ef9bd7f77ae2174028e84829e3

Overfull \hbox (105.08313pt too wide) detected at line 868
\OML/lmm/m/it/10.95 crime[]rate[]\OT1/lmr/m/n/10.95 1000 = \OML/lmm/m/it/10.95 
pop \OT1/lmr/m/n/10.95 + \OML/lmm/m/it/10.95 pop\OT1/lmr/m/n/10.95 18 + \OML/lm
m/m/it/10.95 bagrad \OT1/lmr/m/n/10.95 + \OML/lmm/m/it/10.95 poverty \OT1/lmr/m
/n/10.95 + \OML/lmm/m/it/10.95 unemp[]  \OT1/lmr/m/n/10.95 + \OML/lmm/m/it/10.9
5 pcincome \OT1/lmr/m/n/10.95 + \OML/lmm/m/it/10.95 pcincome \OMS/lmsy/m/n/10.9
5 ^^C \OML/lmm/m/it/10.95 pop \OT1/lmr/m/n/10.95 + \OML/lmm/m/it/10.95 regionbe
ds[]rate[]\OT1/lmr/m/n/10.95 1000 + \OML/lmm/m/it/10.95 density
 []

<<<<<<< HEAD
[17 <./main_files/figure-latex/unnamed-chunk-20-1.pdf>]
<main_files/figure-latex/unnamed-chunk-21-1.pdf, id=204, 566.115pt x 338.26375p
t>
File: main_files/figure-latex/unnamed-chunk-21-1.pdf Graphic file (type pdf)
<use main_files/figure-latex/unnamed-chunk-21-1.pdf>
Package pdftex.def Info: main_files/figure-latex/unnamed-chunk-21-1.pdf  used o
n input line 898.
(pdftex.def)             Requested size: 422.78845pt x 252.62358pt.
[18 <./main_files/figure-latex/unnamed-chunk-21-1.pdf>] [19] [20] [21]
<main_files/figure-latex/unnamed-chunk-25-1.pdf, id=235, 566.115pt x 305.14pt>
File: main_files/figure-latex/unnamed-chunk-25-1.pdf Graphic file (type pdf)
<use main_files/figure-latex/unnamed-chunk-25-1.pdf>
Package pdftex.def Info: main_files/figure-latex/unnamed-chunk-25-1.pdf  used o
n input line 1108.
(pdftex.def)             Requested size: 422.78845pt x 227.88596pt.
<main_files/figure-latex/unnamed-chunk-26-1.pdf, id=236, 545.03625pt x 273.02pt
=======
[17 <./main_files/figure-latex/unnamed-chunk-19-1.pdf>]
<main_files/figure-latex/unnamed-chunk-20-1.pdf, id=257, 578.16pt x 346.29375pt
>
File: main_files/figure-latex/unnamed-chunk-20-1.pdf Graphic file (type pdf)
<use main_files/figure-latex/unnamed-chunk-20-1.pdf>
Package pdftex.def Info: main_files/figure-latex/unnamed-chunk-20-1.pdf  used o
n input line 890.
(pdftex.def)             Requested size: 422.77669pt x 253.22562pt.
[18 <./main_files/figure-latex/unnamed-chunk-20-1.pdf>] [19] [20] [21]
<main_files/figure-latex/unnamed-chunk-24-1.pdf, id=287, 578.16pt x 346.29375pt
>
File: main_files/figure-latex/unnamed-chunk-24-1.pdf Graphic file (type pdf)
<use main_files/figure-latex/unnamed-chunk-24-1.pdf>
Package pdftex.def Info: main_files/figure-latex/unnamed-chunk-24-1.pdf  used o
n input line 1099.
(pdftex.def)             Requested size: 422.77669pt x 253.22562pt.
[22 <./main_files/figure-latex/unnamed-chunk-24-1.pdf>]
<main_files/figure-latex/unnamed-chunk-24-2.pdf, id=299, 578.16pt x 346.29375pt
>
File: main_files/figure-latex/unnamed-chunk-24-2.pdf Graphic file (type pdf)
<use main_files/figure-latex/unnamed-chunk-24-2.pdf>
Package pdftex.def Info: main_files/figure-latex/unnamed-chunk-24-2.pdf  used o
n input line 1107.
(pdftex.def)             Requested size: 422.77669pt x 253.22562pt.
[23 <./main_files/figure-latex/unnamed-chunk-24-2.pdf>]
<main_files/figure-latex/unnamed-chunk-25-1.pdf, id=311, 578.16pt x 346.29375pt
>
File: main_files/figure-latex/unnamed-chunk-25-1.pdf Graphic file (type pdf)
<use main_files/figure-latex/unnamed-chunk-25-1.pdf>
Package pdftex.def Info: main_files/figure-latex/unnamed-chunk-25-1.pdf  used o
n input line 1171.
(pdftex.def)             Requested size: 422.77669pt x 253.22562pt.
[24 <./main_files/figure-latex/unnamed-chunk-25-1.pdf>]
<main_files/figure-latex/unnamed-chunk-26-1.pdf, id=321, 578.16pt x 346.29375pt
>>>>>>> 1d3e975232e105ef9bd7f77ae2174028e84829e3
>
File: main_files/figure-latex/unnamed-chunk-26-1.pdf Graphic file (type pdf)
<use main_files/figure-latex/unnamed-chunk-26-1.pdf>
Package pdftex.def Info: main_files/figure-latex/unnamed-chunk-26-1.pdf  used o
<<<<<<< HEAD
n input line 1118.
(pdftex.def)             Requested size: 422.77298pt x 211.77577pt.
[22 <./main_files/figure-latex/unnamed-chunk-25-1.pdf>]
<main_files/figure-latex/unnamed-chunk-28-1.pdf, id=252, 554.07pt x 305.14pt>
File: main_files/figure-latex/unnamed-chunk-28-1.pdf Graphic file (type pdf)
<use main_files/figure-latex/unnamed-chunk-28-1.pdf>
Package pdftex.def Info: main_files/figure-latex/unnamed-chunk-28-1.pdf  used o
n input line 1184.
(pdftex.def)             Requested size: 422.78pt x 232.83534pt.
[23 <./main_files/figure-latex/unnamed-chunk-26-1.pdf>]
Overfull \hbox (123.66019pt too wide) detected at line 1194
\OML/lmm/m/it/10.95 crime[]rate[]\OT1/lmr/m/n/10.95 1000 = \OML/lmm/m/it/10.95 
pop \OT1/lmr/m/n/10.95 + \OML/lmm/m/it/10.95 pop\OT1/lmr/m/n/10.95 18 + \OML/lm
m/m/it/10.95 poverty \OT1/lmr/m/n/10.95 + \OML/lmm/m/it/10.95 unemp \OT1/lmr/m/
n/10.95 + \OML/lmm/m/it/10.95 pcincome \OT1/lmr/m/n/10.95 + [] \OML/lmm/m/it/10
.95 pcincome \OMS/lmsy/m/n/10.95 ^^C \OML/lmm/m/it/10.95 pop \OT1/lmr/m/n/10.95
 + \OML/lmm/m/it/10.95 region \OT1/lmr/m/n/10.95 + \OML/lmm/m/it/10.95 beds[]ra
te[]\OT1/lmr/m/n/10.95 1000 + \OML/lmm/m/it/10.95 poverty \OMS/lmsy/m/n/10.95 ^
^C \OML/lmm/m/it/10.95 pcincome
 []

<main_files/figure-latex/unnamed-chunk-29-1.pdf, id=266, 566.115pt x 338.26375p
t>
File: main_files/figure-latex/unnamed-chunk-29-1.pdf Graphic file (type pdf)
<use main_files/figure-latex/unnamed-chunk-29-1.pdf>
Package pdftex.def Info: main_files/figure-latex/unnamed-chunk-29-1.pdf  used o
n input line 1224.
(pdftex.def)             Requested size: 422.78845pt x 252.62358pt.
[24 <./main_files/figure-latex/unnamed-chunk-28-1.pdf>] [25 <./main_files/figur
e-latex/unnamed-chunk-29-1.pdf>]
<main_files/figure-latex/unnamed-chunk-31-1.pdf, id=299, 566.115pt x 305.14pt>
File: main_files/figure-latex/unnamed-chunk-31-1.pdf Graphic file (type pdf)
<use main_files/figure-latex/unnamed-chunk-31-1.pdf>
Package pdftex.def Info: main_files/figure-latex/unnamed-chunk-31-1.pdf  used o
n input line 1309.
(pdftex.def)             Requested size: 422.78845pt x 227.88596pt.
<main_files/figure-latex/unnamed-chunk-32-1.pdf, id=300, 545.03625pt x 273.02pt
>
File: main_files/figure-latex/unnamed-chunk-32-1.pdf Graphic file (type pdf)
<use main_files/figure-latex/unnamed-chunk-32-1.pdf>
Package pdftex.def Info: main_files/figure-latex/unnamed-chunk-32-1.pdf  used o
n input line 1319.
(pdftex.def)             Requested size: 422.77298pt x 211.77577pt.
[26] [27 <./main_files/figure-latex/unnamed-chunk-31-1.pdf> <./main_files/figur
e-latex/unnamed-chunk-32-1.pdf>]
<main_files/figure-latex/unnamed-chunk-34-1.pdf, id=330, 566.115pt x 305.14pt>
File: main_files/figure-latex/unnamed-chunk-34-1.pdf Graphic file (type pdf)
<use main_files/figure-latex/unnamed-chunk-34-1.pdf>
Package pdftex.def Info: main_files/figure-latex/unnamed-chunk-34-1.pdf  used o
n input line 1382.
(pdftex.def)             Requested size: 422.78845pt x 227.88596pt.

Overfull \hbox (205.77885pt too wide) detected at line 1396
\OML/lmm/m/it/10.95 crime[]rate[]\OT1/lmr/m/n/10.95 1000 = \OML/lmm/m/it/10.95 
pop \OT1/lmr/m/n/10.95 + \OML/lmm/m/it/10.95 pop\OT1/lmr/m/n/10.95 18 + \OML/lm
m/m/it/10.95 bagrad \OT1/lmr/m/n/10.95 + \OML/lmm/m/it/10.95 poverty \OT1/lmr/m
/n/10.95 + \OML/lmm/m/it/10.95 unemp \OT1/lmr/m/n/10.95 + \OML/lmm/m/it/10.95 p
cincome \OT1/lmr/m/n/10.95 + [] \OML/lmm/m/it/10.95 pcincome \OMS/lmsy/m/n/10.9
5 ^^C \OML/lmm/m/it/10.95 pop \OT1/lmr/m/n/10.95 + \OML/lmm/m/it/10.95 region \
OT1/lmr/m/n/10.95 + \OML/lmm/m/it/10.95 beds[]rate[]\OT1/lmr/m/n/10.95 1000 + \
OML/lmm/m/it/10.95 density \OT1/lmr/m/n/10.95 + \OML/lmm/m/it/10.95 pcincome \O
MS/lmsy/m/n/10.95 ^^C \OML/lmm/m/it/10.95 bagrad
 []

[28] [29 <./main_files/figure-latex/unnamed-chunk-34-1.pdf>] [30] [31] [32]
Package atveryend Info: Empty hook `BeforeClearDocument' on input line 1622.
[33]
Package atveryend Info: Empty hook `AfterLastShipout' on input line 1622.
(./main.aux)
Package atveryend Info: Executing hook `AtVeryEndDocument' on input line 1622.
Package atveryend Info: Empty hook `AtEndAfterFileList' on input line 1622.
=======
n input line 1207.
(pdftex.def)             Requested size: 422.77669pt x 253.22562pt.
[25 <./main_files/figure-latex/unnamed-chunk-26-1.pdf>] [26]
<main_files/figure-latex/unnamed-chunk-28-1.pdf, id=343, 578.16pt x 346.29375pt
>
File: main_files/figure-latex/unnamed-chunk-28-1.pdf Graphic file (type pdf)
<use main_files/figure-latex/unnamed-chunk-28-1.pdf>
Package pdftex.def Info: main_files/figure-latex/unnamed-chunk-28-1.pdf  used o
n input line 1291.
(pdftex.def)             Requested size: 422.77669pt x 253.22562pt.
<main_files/figure-latex/unnamed-chunk-28-2.pdf, id=344, 578.16pt x 346.29375pt
>
File: main_files/figure-latex/unnamed-chunk-28-2.pdf Graphic file (type pdf)
<use main_files/figure-latex/unnamed-chunk-28-2.pdf>
Package pdftex.def Info: main_files/figure-latex/unnamed-chunk-28-2.pdf  used o
n input line 1299.
(pdftex.def)             Requested size: 422.77669pt x 253.22562pt.
[27 <./main_files/figure-latex/unnamed-chunk-28-1.pdf>] [28 <./main_files/figur
e-latex/unnamed-chunk-28-2.pdf>]
<main_files/figure-latex/unnamed-chunk-29-1.pdf, id=366, 578.16pt x 346.29375pt
>
File: main_files/figure-latex/unnamed-chunk-29-1.pdf Graphic file (type pdf)
<use main_files/figure-latex/unnamed-chunk-29-1.pdf>
Package pdftex.def Info: main_files/figure-latex/unnamed-chunk-29-1.pdf  used o
n input line 1361.
(pdftex.def)             Requested size: 422.77669pt x 253.22562pt.
[29 <./main_files/figure-latex/unnamed-chunk-29-1.pdf>] [30] [31] [32] [33] [34
] (./main.aux)
>>>>>>> 1d3e975232e105ef9bd7f77ae2174028e84829e3

LaTeX Warning: There were multiply-defined labels.

Package rerunfilecheck Info: File `main.out' has not changed.
(rerunfilecheck)             Checksum: 0F1C1F2ED3D40AC5C469849246EE6A55;3486.
 ) 
Here is how much of TeX's memory you used:
<<<<<<< HEAD
 13958 strings out of 492616
 206104 string characters out of 6129482
 325611 words of memory out of 5000000
 17527 multiletter control sequences out of 15000+600000
 48611 words of font info for 64 fonts, out of 8000000 for 9000
 1141 hyphenation exceptions out of 8191
 35i,6n,38p,803b,461s stack positions out of 5000i,500n,10000p,200000b,80000s
{/usr/local/texlive/2019/texmf-dist/fonts/enc/dvips/lm/lm-ec.enc}{/usr/local/
texlive/2019/texmf-dist/fonts/enc/dvips/lm/lm-rm.enc}{/usr/local/texlive/2019/t
exmf-dist/fonts/enc/dvips/lm/lm-mathsy.enc}{/usr/local/texlive/2019/texmf-dist/
fonts/enc/dvips/lm/lm-mathit.enc}{/usr/local/texlive/2019/texmf-dist/fonts/enc/
dvips/lm/lm-ts1.enc}</usr/local/texlive/2019/texmf-dist/fonts/type1/public/lm/l
mbx10.pfb></usr/local/texlive/2019/texmf-dist/fonts/type1/public/lm/lmbx12.pfb>
</usr/local/texlive/2019/texmf-dist/fonts/type1/public/lm/lmmi10.pfb></usr/loca
l/texlive/2019/texmf-dist/fonts/type1/public/lm/lmmi8.pfb></usr/local/texlive/2
019/texmf-dist/fonts/type1/public/lm/lmr10.pfb></usr/local/texlive/2019/texmf-d
ist/fonts/type1/public/lm/lmr12.pfb></usr/local/texlive/2019/texmf-dist/fonts/t
ype1/public/lm/lmr17.pfb></usr/local/texlive/2019/texmf-dist/fonts/type1/public
/lm/lmri10.pfb></usr/local/texlive/2019/texmf-dist/fonts/type1/public/lm/lmsy10
.pfb></usr/local/texlive/2019/texmf-dist/fonts/type1/public/lm/lmtt10.pfb></usr
/local/texlive/2019/texmf-dist/fonts/type1/public/lm/lmtti10.pfb>
Output written on main.pdf (33 pages, 4790783 bytes).
PDF statistics:
 507 PDF objects out of 1000 (max. 8388607)
 402 compressed objects within 5 object streams
 96 named destinations out of 1000 (max. 500000)
 10499 words of extra memory for PDF output out of 12000 (max. 10000000)
=======
 11494 strings out of 480559
 172468 string characters out of 5902367
 486498 words of memory out of 5000000
 28812 multiletter control sequences out of 15000+600000
 446186 words of font info for 60 fonts, out of 8000000 for 9000
 14 hyphenation exceptions out of 8191
 60i,6n,66p,581b,475s stack positions out of 5000i,500n,10000p,200000b,80000s
{/Users/apple/Library/TinyTeX/texmf-dist/fonts/enc/dvips/lm/lm-ec.enc}{/Users
/apple/Library/TinyTeX/texmf-dist/fonts/enc/dvips/lm/lm-rm.enc}{/Users/apple/Li
brary/TinyTeX/texmf-dist/fonts/enc/dvips/lm/lm-mathsy.enc}{/Users/apple/Library
/TinyTeX/texmf-dist/fonts/enc/dvips/lm/lm-mathit.enc}{/Users/apple/Library/Tiny
TeX/texmf-dist/fonts/enc/dvips/lm/lm-ts1.enc}</Users/apple/Library/TinyTeX/texm
f-dist/fonts/type1/public/lm/lmbx10.pfb></Users/apple/Library/TinyTeX/texmf-dis
t/fonts/type1/public/lm/lmbx12.pfb></Users/apple/Library/TinyTeX/texmf-dist/fon
ts/type1/public/lm/lmmi10.pfb></Users/apple/Library/TinyTeX/texmf-dist/fonts/ty
pe1/public/lm/lmmi8.pfb></Users/apple/Library/TinyTeX/texmf-dist/fonts/type1/pu
blic/lm/lmr10.pfb></Users/apple/Library/TinyTeX/texmf-dist/fonts/type1/public/l
m/lmr12.pfb></Users/apple/Library/TinyTeX/texmf-dist/fonts/type1/public/lm/lmr1
7.pfb></Users/apple/Library/TinyTeX/texmf-dist/fonts/type1/public/lm/lmri10.pfb
></Users/apple/Library/TinyTeX/texmf-dist/fonts/type1/public/lm/lmsy10.pfb></Us
ers/apple/Library/TinyTeX/texmf-dist/fonts/type1/public/lm/lmtt10.pfb></Users/a
pple/Library/TinyTeX/texmf-dist/fonts/type1/public/lm/lmtti10.pfb>
Output written on main.pdf (34 pages, 4743346 bytes).
PDF statistics:
 484 PDF objects out of 1000 (max. 8388607)
 384 compressed objects within 4 object streams
 91 named destinations out of 1000 (max. 500000)
 267 words of extra memory for PDF output out of 10000 (max. 10000000)
>>>>>>> 1d3e975232e105ef9bd7f77ae2174028e84829e3

